# JRE version: OpenJDK Runtime Environment (8.0_112-b06) (build 1.8.0_112-release-b06)
# Java VM: OpenJDK 64-Bit Server VM (25.112-b06 mixed mode windows-amd64 compressed oops)
Heap:
 PSYoungGen      total 226816K, used 96528K [0x00000000e0000000, 0x00000000f4480000, 0x0000000100000000)
  eden space 205824K, 46% used [0x00000000e0000000,0x00000000e5e442a0,0x00000000ec900000)
  from space 20992K, 0% used [0x00000000ec900000,0x00000000ec900000,0x00000000edd80000)
  to   space 20992K, 0% used [0x00000000f3000000,0x00000000f3000000,0x00000000f4480000)
 ParOldGen       total 102400K, used 50326K [0x00000000a0000000, 0x00000000a6400000, 0x00000000e0000000)
  object space 102400K, 49% used [0x00000000a0000000,0x00000000a3125a50,0x00000000a6400000)
 Metaspace       used 60505K, capacity 62846K, committed 63104K, reserved 1103872K
  class space    used 8026K, capacity 8524K, committed 8576K, reserved 1048576K
GC Heap History (10 events):
Event: 16.339 GC heap before
{Heap before GC invocations=10 (full 2):
 PSYoungGen      total 165888K, used 9405K [0x00000000e0000000, 0x00000000eed00000, 0x0000000100000000)
  eden space 153088K, 0% used [0x00000000e0000000,0x00000000e0000000,0x00000000e9580000)
  from space 12800K, 73% used [0x00000000ea280000,0x00000000eabaf4c8,0x00000000eaf00000)
  to   space 13312K, 0% used [0x00000000e9580000,0x00000000e9580000,0x00000000ea280000)
 ParOldGen       total 39424K, used 11211K [0x00000000a0000000, 0x00000000a2680000, 0x00000000e0000000)
  object space 39424K, 28% used [0x00000000a0000000,0x00000000a0af2f88,0x00000000a2680000)
 Metaspace       used 34640K, capacity 35344K, committed 35496K, reserved 1079296K
  class space    used 4573K, capacity 4757K, committed 4864K, reserved 1048576K
Event: 16.451 GC heap after
Heap after GC invocations=10 (full 2):
 PSYoungGen      total 165888K, used 0K [0x00000000e0000000, 0x00000000eed00000, 0x0000000100000000)
  eden space 153088K, 0% used [0x00000000e0000000,0x00000000e0000000,0x00000000e9580000)
  from space 12800K, 0% used [0x00000000ea280000,0x00000000ea280000,0x00000000eaf00000)
  to   space 13312K, 0% used [0x00000000e9580000,0x00000000e9580000,0x00000000ea280000)
 ParOldGen       total 53248K, used 15372K [0x00000000a0000000, 0x00000000a3400000, 0x00000000e0000000)
  object space 53248K, 28% used [0x00000000a0000000,0x00000000a0f03378,0x00000000a3400000)
 Metaspace       used 34553K, capacity 35184K, committed 35496K, reserved 1079296K
  class space    used 4545K, capacity 4725K, committed 4864K, reserved 1048576K
}
Event: 20.361 GC heap before
{Heap before GC invocations=11 (full 2):
 PSYoungGen      total 165888K, used 153088K [0x00000000e0000000, 0x00000000eed00000, 0x0000000100000000)
  eden space 153088K, 100% used [0x00000000e0000000,0x00000000e9580000,0x00000000e9580000)
  from space 12800K, 0% used [0x00000000ea280000,0x00000000ea280000,0x00000000eaf00000)
  to   space 13312K, 0% used [0x00000000e9580000,0x00000000e9580000,0x00000000ea280000)
 ParOldGen       total 53248K, used 15372K [0x00000000a0000000, 0x00000000a3400000, 0x00000000e0000000)
  object space 53248K, 28% used [0x00000000a0000000,0x00000000a0f03378,0x00000000a3400000)
 Metaspace       used 46304K, capacity 47272K, committed 47360K, reserved 1089536K
  class space    used 6087K, capacity 6346K, committed 6400K, reserved 1048576K
Event: 20.401 GC heap after
Heap after GC invocations=11 (full 2):
 PSYoungGen      total 166400K, used 13306K [0x00000000e0000000, 0x00000000eed00000, 0x0000000100000000)
  eden space 153088K, 0% used [0x00000000e0000000,0x00000000e0000000,0x00000000e9580000)
  from space 13312K, 99% used [0x00000000e9580000,0x00000000ea27e8a0,0x00000000ea280000)
  to   space 15872K, 0% used [0x00000000edd80000,0x00000000edd80000,0x00000000eed00000)
 ParOldGen       total 53248K, used 17032K [0x00000000a0000000, 0x00000000a3400000, 0x00000000e0000000)
  object space 53248K, 31% used [0x00000000a0000000,0x00000000a10a2250,0x00000000a3400000)
 Metaspace       used 46304K, capacity 47272K, committed 47360K, reserved 1089536K
  class space    used 6087K, capacity 6346K, committed 6400K, reserved 1048576K
}
Event: 32.030 GC heap before
{Heap before GC invocations=12 (full 2):
 PSYoungGen      total 166400K, used 166394K [0x00000000e0000000, 0x00000000eed00000, 0x0000000100000000)
  eden space 153088K, 100% used [0x00000000e0000000,0x00000000e9580000,0x00000000e9580000)
  from space 13312K, 99% used [0x00000000e9580000,0x00000000ea27e8a0,0x00000000ea280000)
  to   space 15872K, 0% used [0x00000000edd80000,0x00000000edd80000,0x00000000eed00000)
 ParOldGen       total 53248K, used 17032K [0x00000000a0000000, 0x00000000a3400000, 0x00000000e0000000)
  object space 53248K, 31% used [0x00000000a0000000,0x00000000a10a2250,0x00000000a3400000)
 Metaspace       used 55682K, capacity 57324K, committed 57600K, reserved 1099776K
  class space    used 7420K, capacity 7803K, committed 7936K, reserved 1048576K
Event: 32.121 GC heap after
Heap after GC invocations=12 (full 2):
 PSYoungGen      total 221696K, used 15859K [0x00000000e0000000, 0x00000000ef380000, 0x0000000100000000)
  eden space 205824K, 0% used [0x00000000e0000000,0x00000000e0000000,0x00000000ec900000)
  from space 15872K, 99% used [0x00000000edd80000,0x00000000eecfcca0,0x00000000eed00000)
  to   space 20992K, 0% used [0x00000000ec900000,0x00000000ec900000,0x00000000edd80000)
 ParOldGen       total 53248K, used 25406K [0x00000000a0000000, 0x00000000a3400000, 0x00000000e0000000)
  object space 53248K, 47% used [0x00000000a0000000,0x00000000a18cf988,0x00000000a3400000)
 Metaspace       used 55682K, capacity 57324K, committed 57600K, reserved 1099776K
  class space    used 7420K, capacity 7803K, committed 7936K, reserved 1048576K
}
Event: 33.477 GC heap before
{Heap before GC invocations=13 (full 2):
 PSYoungGen      total 221696K, used 109253K [0x00000000e0000000, 0x00000000ef380000, 0x0000000100000000)
  eden space 205824K, 45% used [0x00000000e0000000,0x00000000e5b34ad8,0x00000000ec900000)
  from space 15872K, 99% used [0x00000000edd80000,0x00000000eecfcca0,0x00000000eed00000)
  to   space 20992K, 0% used [0x00000000ec900000,0x00000000ec900000,0x00000000edd80000)
 ParOldGen       total 53248K, used 25406K [0x00000000a0000000, 0x00000000a3400000, 0x00000000e0000000)
  object space 53248K, 47% used [0x00000000a0000000,0x00000000a18cf988,0x00000000a3400000)
 Metaspace       used 57196K, capacity 59078K, committed 59136K, reserved 1099776K
  class space    used 7720K, capacity 8174K, committed 8192K, reserved 1048576K
Event: 33.550 GC heap after
Heap after GC invocations=13 (full 2):
 PSYoungGen      total 226816K, used 12096K [0x00000000e0000000, 0x00000000f4480000, 0x0000000100000000)
  eden space 205824K, 0% used [0x00000000e0000000,0x00000000e0000000,0x00000000ec900000)
  from space 20992K, 57% used [0x00000000ec900000,0x00000000ed4d0000,0x00000000edd80000)
  to   space 20992K, 0% used [0x00000000f3000000,0x00000000f3000000,0x00000000f4480000)
 ParOldGen       total 53248K, used 41338K [0x00000000a0000000, 0x00000000a3400000, 0x00000000e0000000)
  object space 53248K, 77% used [0x00000000a0000000,0x00000000a285e878,0x00000000a3400000)
 Metaspace       used 57196K, capacity 59078K, committed 59136K, reserved 1099776K
  class space    used 7720K, capacity 8174K, committed 8192K, reserved 1048576K
}
Event: 33.550 GC heap before
{Heap before GC invocations=14 (full 3):
 PSYoungGen      total 226816K, used 12096K [0x00000000e0000000, 0x00000000f4480000, 0x0000000100000000)
  eden space 205824K, 0% used [0x00000000e0000000,0x00000000e0000000,0x00000000ec900000)
  from space 20992K, 57% used [0x00000000ec900000,0x00000000ed4d0000,0x00000000edd80000)
  to   space 20992K, 0% used [0x00000000f3000000,0x00000000f3000000,0x00000000f4480000)
 ParOldGen       total 53248K, used 41338K [0x00000000a0000000, 0x00000000a3400000, 0x00000000e0000000)
  object space 53248K, 77% used [0x00000000a0000000,0x00000000a285e878,0x00000000a3400000)
 Metaspace       used 57196K, capacity 59078K, committed 59136K, reserved 1099776K
  class space    used 7720K, capacity 8174K, committed 8192K, reserved 1048576K
Event: 34.030 GC heap after
Heap after GC invocations=14 (full 3):
 PSYoungGen      total 226816K, used 0K [0x00000000e0000000, 0x00000000f4480000, 0x0000000100000000)
  eden space 205824K, 0% used [0x00000000e0000000,0x00000000e0000000,0x00000000ec900000)
  from space 20992K, 0% used [0x00000000ec900000,0x00000000ec900000,0x00000000edd80000)
  to   space 20992K, 0% used [0x00000000f3000000,0x00000000f3000000,0x00000000f4480000)
 ParOldGen       total 102400K, used 50326K [0x00000000a0000000, 0x00000000a6400000, 0x00000000e0000000)
  object space 102400K, 49% used [0x00000000a0000000,0x00000000a3125a50,0x00000000a6400000)
 Metaspace       used 57196K, capacity 59078K, committed 59136K, reserved 1099776K
  class space    used 7720K, capacity 8174K, committed 8192K, reserved 1048576K
}

